<?xml version="1.0" encoding="UTF-8"?>
<testng-results skipped="0" failed="0" ignored="0" total="1" passed="1">
  <reporter-output>
  </reporter-output>
  <suite name="Default suite" duration-ms="3705" started-at="2018-10-05T03:03:29Z" finished-at="2018-10-05T03:03:32Z">
    <groups>
    </groups>
    <test name="Default test" duration-ms="3705" started-at="2018-10-05T03:03:29Z" finished-at="2018-10-05T03:03:32Z">
      <class name="basictests.BarChartTest">
        <test-method status="PASS" signature="setUpDriverAndPage()[pri:0, instance:basictests.BarChartTest@239963d8]" name="setUpDriverAndPage" is-config="true" duration-ms="7402" started-at="2018-10-05T03:03:21Z" finished-at="2018-10-05T03:03:29Z">
          <reporter-output>
          </reporter-output>
        </test-method> <!-- setUpDriverAndPage -->
        <test-method status="PASS" signature="checkWV()[pri:0, instance:basictests.BarChartTest@239963d8]" name="checkWV" duration-ms="3685" started-at="2018-10-05T03:03:29Z" finished-at="2018-10-05T03:03:32Z">
          <reporter-output>
          </reporter-output>
        </test-method> <!-- checkWV -->
        <test-method status="PASS" signature="cleanup()[pri:0, instance:basictests.BarChartTest@239963d8]" name="cleanup" is-config="true" duration-ms="686" started-at="2018-10-05T03:03:32Z" finished-at="2018-10-05T03:03:33Z">
          <reporter-output>
          </reporter-output>
        </test-method> <!-- cleanup -->
      </class> <!-- basictests.BarChartTest -->
    </test> <!-- Default test -->
  </suite> <!-- Default suite -->
</testng-results>
