<?xml version="1.0" encoding="UTF-8"?>
<testng-results ignored="0" total="1" passed="1" failed="0" skipped="0">
  <reporter-output>
  </reporter-output>
  <suite started-at="2018-10-04T17:57:57Z" name="Default suite" finished-at="2018-10-04T17:58:31Z" duration-ms="34023">
    <groups>
      <group name="cucumber">
        <method signature="AbstractTestNGCucumberTests.feature(cucumber.api.testng.CucumberFeatureWrapper)[pri:0, instance:cuke.NGCucumberRunner@3cc1435c]" name="feature" class="cucumber.api.testng.AbstractTestNGCucumberTests"/>
      </group> <!-- cucumber -->
    </groups>
    <test started-at="2018-10-04T17:57:57Z" name="Default test" finished-at="2018-10-04T17:58:31Z" duration-ms="34023">
      <class name="cuke.NGCucumberRunner">
        <test-method is-config="true" signature="setUpClass()[pri:0, instance:cuke.NGCucumberRunner@3cc1435c]" started-at="2018-10-04T17:57:57Z" name="setUpClass" finished-at="2018-10-04T17:57:57Z" duration-ms="419" status="PASS">
          <reporter-output>
          </reporter-output>
        </test-method> <!-- setUpClass -->
        <test-method signature="feature(cucumber.api.testng.CucumberFeatureWrapper)[pri:0, instance:cuke.NGCucumberRunner@3cc1435c]" started-at="2018-10-04T17:57:57Z" name="feature" description="Runs Cucumber Feature" data-provider="features" finished-at="2018-10-04T17:58:31Z" duration-ms="33428" status="PASS">
          <params>
            <param index="0">
              <value>
                <![CDATA[Login Failure]]>
              </value>
            </param>
          </params>
          <reporter-output>
          </reporter-output>
        </test-method> <!-- feature -->
        <test-method is-config="true" signature="tearDownClass()[pri:0, instance:cuke.NGCucumberRunner@3cc1435c]" started-at="2018-10-04T17:58:31Z" name="tearDownClass" finished-at="2018-10-04T17:58:31Z" duration-ms="7" status="PASS">
          <reporter-output>
          </reporter-output>
        </test-method> <!-- tearDownClass -->
      </class> <!-- cuke.NGCucumberRunner -->
    </test> <!-- Default test -->
  </suite> <!-- Default suite -->
</testng-results>
